<?xml version="1.0" encoding="utf-8"?>
<test-run id="2" testcasecount="0" result="Passed" total="0" passed="0" failed="0" inconclusive="0" skipped="0" asserts="0" engine-version="3.5.0.0" clr-version="4.0.30319.42000" start-time="0001-01-01 00:00:00Z" end-time="0001-01-01 00:00:00Z" duration="0.0009392">
  <test-suite type="TestSuite" id="1000" name="DevTemplate" fullname="DevTemplate" runstate="Runnable" testcasecount="0" result="Passed" start-time="2026-03-09 05:46:30Z" end-time="2026-03-09 05:46:30Z" duration="0.000939" total="0" passed="0" failed="0" inconclusive="0" skipped="0" asserts="0"><properties><property name="platform" value="PlayMode"></property></properties></test-suite>
</test-run>